<?xml version="1.0" encoding="UTF-8"?>
<testsuite xmlns:xsi="http://www.w3.org/2001/XMLSchema-instance" xsi:noNamespaceSchemaLocation="https://maven.apache.org/surefire/maven-surefire-plugin/xsd/surefire-test-report-3.0.xsd" version="3.0" name="LoginServiceTest" time="0.117" tests="18" errors="0" skipped="0" failures="0">
  <properties>
[...]
</properties>
  <testcase name="kiemTraTruongHopBienDoDaiTenDangNhapToiThieu" classname="LoginServiceTest" time="0.047"/>
  <testcase name="kiemTraTenDangNhapQuaDai" classname="LoginServiceTest" time="0.002"/>
  <testcase name="kiemTraMatKhauQuaDai" classname="LoginServiceTest" time="0.001"/>
  <testcase name="kiemTraMatKhauThieuChuHoa" classname="LoginServiceTest" time="0.001"/>
  <testcase name="kiemTraMatKhauNull" classname="LoginServiceTest" time="0.002"/>
  <testcase name="kiemTraTruongHopBienDoDaiTenDangNhapToiDa" classname="LoginServiceTest" time="0.002"/>
  <testcase name="kiemTraMatKhauSai" classname="LoginServiceTest" time="0.001"/>
  <testcase name="kiemTraMatKhauQuaNgan" classname="LoginServiceTest" time="0.001"/>
  <testcase name="kiemTraDangNhapThanhCongResetSoLanThatBai" classname="LoginServiceTest" time="0.001"/>
  <testcase name="kiemTraTenDangNhapSai" classname="LoginServiceTest" time="0.0"/>
  <testcase name="kiemTraTruongHopBienDoDaiMatKhauToiDa" classname="LoginServiceTest" time="0.0"/>
  <testcase name="kiemTraMatKhauThieuKyTuDacBiet" classname="LoginServiceTest" time="0.001"/>
  <testcase name="kiemTraTenDangNhapNull" classname="LoginServiceTest" time="0.002"/>
  <testcase name="kiemTraTruongHopBienDoDaiMatKhauToiThieu" classname="LoginServiceTest" time="0.001"/>
  <testcase name="kiemTraDangNhapThanhCong" classname="LoginServiceTest" time="0.002"/>
  <testcase name="kiemTraKhoaTaiKhoanSau3LanThatBai" classname="LoginServiceTest" time="0.003"/>
  <testcase name="kiemTraMatKhauThieuChuSo" classname="LoginServiceTest" time="0.001"/>
  <testcase name="kiemTraTenDangNhapQuaNgan" classname="LoginServiceTest" time="0.0"/>
</testsuite>